<?xml version="1.0" encoding="UTF-8"?>
<robot generator="Robot 6.1.1 (Python 3.12.0 on win32)" generated="20240313 17:01:55.404" rpa="false" schemaversion="4">
<suite id="s1" name="Test" source="C:\Users\Zipevent\Desktop\Devops\Devops\devops-training\test.robot">
<test id="s1-t1" name="TC_1" line="5">
<kw name="Open Browser" library="SeleniumLibrary">
<arg>http://35.213.187.172:30800/swagger/index.html</arg>
<doc>Opens a new browser instance to the optional ``url``.</doc>
<msg timestamp="20240313 17:01:55.538" level="INFO">Opening browser 'firefox' to base url 'http://35.213.187.172:30800/swagger/index.html'.</msg>
<status status="PASS" starttime="20240313 17:01:55.537" endtime="20240313 17:02:02.021"/>
</kw>
<kw name="Wait Until Element Is Visible" library="SeleniumLibrary">
<arg>//div[@class="opblock-summary opblock-summary-get"]</arg>
<arg>timeout=10s</arg>
<doc>Waits until the element ``locator`` is visible.</doc>
<status status="PASS" starttime="20240313 17:02:02.021" endtime="20240313 17:02:02.259"/>
</kw>
<kw name="Click Element" library="SeleniumLibrary">
<arg>//div[@class="opblock-summary opblock-summary-get"]</arg>
<doc>Click the element identified by ``locator``.</doc>
<msg timestamp="20240313 17:02:02.260" level="INFO">Clicking element '//div[@class="opblock-summary opblock-summary-get"]'.</msg>
<status status="PASS" starttime="20240313 17:02:02.260" endtime="20240313 17:02:02.485"/>
</kw>
<kw name="Click Button" library="SeleniumLibrary">
<arg>Try it out</arg>
<doc>Clicks the button identified by ``locator``.</doc>
<msg timestamp="20240313 17:02:02.515" level="INFO">Clicking button 'Try it out'.</msg>
<status status="PASS" starttime="20240313 17:02:02.514" endtime="20240313 17:02:02.753"/>
</kw>
<for flavor="IN RANGE">
<var>${i}</var>
<value>10</value>
<iter>
<var name="${i}">0</var>
<kw name="Click Button" library="SeleniumLibrary">
<arg>Execute</arg>
<doc>Clicks the button identified by ``locator``.</doc>
<msg timestamp="20240313 17:02:02.755" level="INFO">Clicking button 'Execute'.</msg>
<status status="PASS" starttime="20240313 17:02:02.755" endtime="20240313 17:02:03.036"/>
</kw>
<status status="PASS" starttime="20240313 17:02:02.754" endtime="20240313 17:02:03.037"/>
</iter>
<iter>
<var name="${i}">1</var>
<kw name="Click Button" library="SeleniumLibrary">
<arg>Execute</arg>
<doc>Clicks the button identified by ``locator``.</doc>
<msg timestamp="20240313 17:02:03.038" level="INFO">Clicking button 'Execute'.</msg>
<status status="PASS" starttime="20240313 17:02:03.037" endtime="20240313 17:02:03.283"/>
</kw>
<status status="PASS" starttime="20240313 17:02:03.037" endtime="20240313 17:02:03.283"/>
</iter>
<iter>
<var name="${i}">2</var>
<kw name="Click Button" library="SeleniumLibrary">
<arg>Execute</arg>
<doc>Clicks the button identified by ``locator``.</doc>
<msg timestamp="20240313 17:02:03.283" level="INFO">Clicking button 'Execute'.</msg>
<status status="PASS" starttime="20240313 17:02:03.283" endtime="20240313 17:02:03.535"/>
</kw>
<status status="PASS" starttime="20240313 17:02:03.283" endtime="20240313 17:02:03.535"/>
</iter>
<iter>
<var name="${i}">3</var>
<kw name="Click Button" library="SeleniumLibrary">
<arg>Execute</arg>
<doc>Clicks the button identified by ``locator``.</doc>
<msg timestamp="20240313 17:02:03.535" level="INFO">Clicking button 'Execute'.</msg>
<status status="PASS" starttime="20240313 17:02:03.535" endtime="20240313 17:02:03.872"/>
</kw>
<status status="PASS" starttime="20240313 17:02:03.535" endtime="20240313 17:02:03.872"/>
</iter>
<iter>
<var name="${i}">4</var>
<kw name="Click Button" library="SeleniumLibrary">
<arg>Execute</arg>
<doc>Clicks the button identified by ``locator``.</doc>
<msg timestamp="20240313 17:02:03.872" level="INFO">Clicking button 'Execute'.</msg>
<status status="PASS" starttime="20240313 17:02:03.872" endtime="20240313 17:02:04.105"/>
</kw>
<status status="PASS" starttime="20240313 17:02:03.872" endtime="20240313 17:02:04.105"/>
</iter>
<iter>
<var name="${i}">5</var>
<kw name="Click Button" library="SeleniumLibrary">
<arg>Execute</arg>
<doc>Clicks the button identified by ``locator``.</doc>
<msg timestamp="20240313 17:02:04.106" level="INFO">Clicking button 'Execute'.</msg>
<status status="PASS" starttime="20240313 17:02:04.105" endtime="20240313 17:02:04.339"/>
</kw>
<status status="PASS" starttime="20240313 17:02:04.105" endtime="20240313 17:02:04.339"/>
</iter>
<iter>
<var name="${i}">6</var>
<kw name="Click Button" library="SeleniumLibrary">
<arg>Execute</arg>
<doc>Clicks the button identified by ``locator``.</doc>
<msg timestamp="20240313 17:02:04.339" level="INFO">Clicking button 'Execute'.</msg>
<status status="PASS" starttime="20240313 17:02:04.339" endtime="20240313 17:02:04.567"/>
</kw>
<status status="PASS" starttime="20240313 17:02:04.339" endtime="20240313 17:02:04.568"/>
</iter>
<iter>
<var name="${i}">7</var>
<kw name="Click Button" library="SeleniumLibrary">
<arg>Execute</arg>
<doc>Clicks the button identified by ``locator``.</doc>
<msg timestamp="20240313 17:02:04.568" level="INFO">Clicking button 'Execute'.</msg>
<status status="PASS" starttime="20240313 17:02:04.568" endtime="20240313 17:02:04.799"/>
</kw>
<status status="PASS" starttime="20240313 17:02:04.568" endtime="20240313 17:02:04.799"/>
</iter>
<iter>
<var name="${i}">8</var>
<kw name="Click Button" library="SeleniumLibrary">
<arg>Execute</arg>
<doc>Clicks the button identified by ``locator``.</doc>
<msg timestamp="20240313 17:02:04.800" level="INFO">Clicking button 'Execute'.</msg>
<status status="PASS" starttime="20240313 17:02:04.800" endtime="20240313 17:02:05.032"/>
</kw>
<status status="PASS" starttime="20240313 17:02:04.799" endtime="20240313 17:02:05.032"/>
</iter>
<iter>
<var name="${i}">9</var>
<kw name="Click Button" library="SeleniumLibrary">
<arg>Execute</arg>
<doc>Clicks the button identified by ``locator``.</doc>
<msg timestamp="20240313 17:02:05.032" level="INFO">Clicking button 'Execute'.</msg>
<status status="PASS" starttime="20240313 17:02:05.032" endtime="20240313 17:02:05.267"/>
</kw>
<status status="PASS" starttime="20240313 17:02:05.032" endtime="20240313 17:02:05.267"/>
</iter>
<status status="PASS" starttime="20240313 17:02:02.754" endtime="20240313 17:02:05.267"/>
</for>
<kw name="Close Browser" library="SeleniumLibrary">
<doc>Closes the current browser.</doc>
<status status="PASS" starttime="20240313 17:02:05.268" endtime="20240313 17:02:12.264"/>
</kw>
<status status="PASS" starttime="20240313 17:01:55.536" endtime="20240313 17:02:12.264"/>
</test>
<status status="PASS" starttime="20240313 17:01:55.405" endtime="20240313 17:02:12.266"/>
</suite>
<statistics>
<total>
<stat pass="1" fail="0" skip="0">All Tests</stat>
</total>
<tag>
</tag>
<suite>
<stat pass="1" fail="0" skip="0" id="s1" name="Test">Test</stat>
</suite>
</statistics>
<errors>
</errors>
</robot>
